02.01 12:49:34 | Application Start | Information
02.01 12:49:54 | Application Start | Information
02.01 12:50:06 | Application Start | Information
02.01 12:50:07 | Failed to start Quote Agent. 
CQGIC is not started. 
See log files for more details (try to enable DEBUG logging level to get more info). | Error
02.01 12:53:40 | Application Start | Information
02.01 12:54:13 |    Start missing bar for symbol: F.US.QOZ14 | Information
02.01 12:54:15 |    Finished missing bar for symbol: F.US.QOZ14 | Information
02.01 12:55:03 |    Start missing bar for symbol: F.US.DDZ13 | Information
02.01 12:55:24 |    Finished missing bar for symbol: F.US.DDZ13 | Information
02.01 12:57:23 | Application Start | Information
02.01 12:57:36 |    Start missing bar for symbol: F.US.QOS1G14 | Information
02.01 12:57:40 |    Finished missing bar for symbol: F.US.QOS1G14 | Information
02.01 12:58:15 |  Collecting stoped!!! | Warning
02.01 12:58:45 |    Start missing bar for symbol: F.US.QOS1G14 | Information
02.01 12:58:51 |    Finished missing bar for symbol: F.US.QOS1G14 | Information
02.01 12:59:06 |  Collecting stoped!!! | Warning
02.01 13:00:09 | Application Start | Information
02.01 13:00:18 |    Start missing bar for symbol: F.US.QOF14 | Information
02.01 13:00:18 |    Start missing bar for symbol: F.US.QOS1G14 | Information
02.01 13:00:20 |    Finished missing bar for symbol: F.US.QOF14 | Information
02.01 13:00:20 |    Finished missing bar for symbol: F.US.QOS1G14 | Information
02.01 13:00:24 |    Start missing bar for symbol: F.US.QOZ14 | Information
02.01 13:00:24 |    Start missing bar for symbol: F.US.QOF14 | Information
02.01 13:00:24 |    Start missing bar for symbol: F.US.DDZ13 | Information
02.01 13:00:24 |    Start missing bar for symbol: F.US.QOS1G14 | Information
02.01 13:00:45 |    Finished missing bar for symbol: F.US.QOZ14 | Information
02.01 13:00:45 |    Finished missing bar for symbol: F.US.QOF14 | Information
02.01 13:00:45 |    Finished missing bar for symbol: F.US.DDZ13 | Information
02.01 13:00:45 |    Finished missing bar for symbol: F.US.QOS1G14 | Information
02.01 13:04:10 |  Collecting stoped!!! | Warning
02.01 13:12:56 | Application Start | Information
02.01 13:15:15 |   Collecting start for group: 2m_group | Information
02.01 13:15:17 |      Symbol 'F.US.DDZ13' collected | Information
02.01 13:15:18 |      Symbol 'F.US.QOS1G14' collected | Information
02.01 13:15:23 |      Symbol 'F.US.QOZ14' collected | Information
02.01 13:15:23 |      Symbol 'F.US.QOF14' collected | Information
02.01 13:15:23 |   Collecting finished for group: 2m_group | Information
02.01 13:16:26 | Application Start | Information
02.01 13:16:39 |   Collecting start for group: 2m_group | Information
02.01 13:16:41 |      Symbol 'F.US.DDZ13' collected | Information
02.01 13:16:45 |      Symbol 'F.US.QOS1G14' collected | Information
02.01 13:16:49 |      Symbol 'F.US.QOZ14' collected | Information
02.01 13:16:49 |      Symbol 'F.US.QOF14' collected | Information
02.01 13:16:49 |   Collecting finished for group: 2m_group | Information
02.01 13:19:35 |   Collecting start for group: 2m_group | Information
02.01 13:19:38 |      Symbol 'F.US.DDZ13' collected | Information
02.01 13:19:44 |      Symbol 'F.US.QOS1G14' collected | Information
02.01 13:19:48 |      Symbol 'F.US.QOZ14' collected | Information
02.01 13:19:51 |      Symbol 'F.US.QOF14' collected | Information
02.01 13:19:51 |   Collecting finished for group: 2m_group | Information
02.01 13:20:23 |   Collecting start for group: ddz_1m | Information
02.01 13:20:23 |      Symbol 'F.US.DDZ13' collected | Information
02.01 13:20:23 |   Collecting finished for group: ddz_1m | Information
02.01 13:20:42 |   Collecting start for group: 2m_group | Information
02.01 13:20:44 |      Symbol 'F.US.DDZ13' collected | Information
02.01 13:20:47 |      Symbol 'F.US.QOS1G14' collected | Information
02.01 13:20:49 |      Symbol 'F.US.QOZ14' collected | Information
02.01 13:20:49 |      Symbol 'F.US.QOF14' collected | Information
02.01 13:20:50 |   Collecting finished for group: 2m_group | Information
02.01 13:23:26 | Application Start | Information
02.01 13:25:06 | Application Start | Information
02.01 13:25:15 |      Symbol 'F.US.DDZ13' collected | Information
02.01 13:25:17 |      Symbol 'F.US.QOS1G14' collected | Information
02.01 13:29:13 | Application Start | Information
02.01 13:29:20 |  Start collecting symbols from list [2] | Information
02.01 13:29:21 |      Symbol 'F.US.DDZ13' collected | Information
02.01 13:29:23 |      Symbol 'F.US.QOS1G14' collected | Information
02.01 13:31:24 | Application Start | Information
02.01 13:31:29 |  Start collecting symbols from list [2] | Information
02.01 13:31:30 |      Symbol 'F.US.DDZ13' collected | Information
02.01 13:31:33 |      Symbol 'F.US.QOS1G14' collected | Information
02.01 13:31:37 |   Collecting start for group: 2m_group | Information
02.01 13:31:37 |      Symbol 'F.US.DDZ13' collected | Information
02.01 13:31:40 |      Symbol 'F.US.QOS1G14' collected | Information
02.01 13:31:42 |      Symbol 'F.US.QOZ14' collected | Information
02.01 13:31:42 |      Symbol 'F.US.QOF14' collected | Information
02.01 13:31:43 |   Collecting finished for group: 2m_group | Information
02.01 13:31:51 |   Collecting start for group: ddz_1m | Information
02.01 13:31:51 |      Symbol 'F.US.DDZ13' collected | Information
02.01 13:31:51 |   Collecting finished for group: ddz_1m | Information
02.01 18:36:31 | Application Start | Information
03.01 16:14:21 | Application Start | Information
03.01 16:14:30 | Failed to start Quote Agent. 
CQGIC is not started. 
See log files for more details (try to enable DEBUG logging level to get more info). | Error
03.01 16:15:28 |   Collecting start for group: ddz_1m | Information
03.01 16:15:29 |      Symbol 'F.US.DDZ13' collected | Information
03.01 16:15:29 |   Collecting finished for group: ddz_1m | Information
03.01 16:15:29 |   Collecting start for group: TestGroup | Information
03.01 16:15:29 |      Symbol 'F.US.QOS1G14' collected | Information
03.01 16:15:29 |      Symbol 'F.US.DDZ13' collected | Information
03.01 16:15:29 |   Collecting finished for group: TestGroup | Information
03.01 16:15:29 |   Collecting start for group: tick_dd | Information
03.01 16:15:29 |      Symbol 'F.US.DDZ13' collected | Information
03.01 16:15:29 |   Collecting finished for group: tick_dd | Information
03.01 16:15:54 |   Collecting start for group: 2m_group | Information
03.01 16:15:54 |      Symbol 'F.US.DDZ13' collected | Information
03.01 16:15:54 |      Symbol 'F.US.QOS1G14' collected | Information
03.01 16:15:54 |      Symbol 'F.US.QOZ14' collected | Information
03.01 16:15:54 |      Symbol 'F.US.QOF14' collected | Information
03.01 16:15:54 |   Collecting finished for group: 2m_group | Information
08.01 18:16:43 | Application Start | Information
08.01 18:16:45 | Failed to start Quote Agent. 
CQGIC is not started. 
See log files for more details (try to enable DEBUG logging level to get more info). | Error
08.01 18:18:07 | Application Start | Information
08.01 18:18:07 | Failed to start Quote Agent. 
CQGIC is not started. 
See log files for more details (try to enable DEBUG logging level to get more info). | Error
08.01 18:19:06 | Application Start | Information
08.01 18:19:06 | Failed to start Quote Agent. 
CQGIC is not started. 
See log files for more details (try to enable DEBUG logging level to get more info). | Error
08.01 19:04:28 | Application Start | Information
08.01 19:06:16 | Application Start | Information
08.01 19:12:17 | Application Start | Information
08.01 19:12:42 | Application Start | Information
08.01 19:24:17 | Application Start | Information
08.01 19:24:25 | Failed to start Quote Agent. 
CQGIC is not started. 
See log files for more details (try to enable DEBUG logging level to get more info). | Error
08.01 19:25:30 |   Collecting start for group: weekly | Information
08.01 19:25:30 |      Symbol 'F.US.QOZ14' collected | Information
08.01 19:25:30 |      Symbol 'F.US.QOF14' collected | Information
08.01 19:25:30 |      Symbol 'F.US.DDZ13' collected | Information
08.01 19:25:30 |      Symbol 'F.US.QOS1G14' collected | Information
08.01 19:25:30 |   Collecting finished for group: weekly | Information
08.01 19:28:29 |   Collecting start for group: weekly | Information
08.01 19:28:29 |      Symbol 'F.US.QOZ14' collected | Information
08.01 19:28:29 |      Symbol 'F.US.QOF14' collected | Information
08.01 19:28:29 |      Symbol 'F.US.DDZ13' collected | Information
08.01 19:28:29 |      Symbol 'F.US.QOS1G14' collected | Information
08.01 19:28:29 |   Collecting finished for group: weekly | Information
08.01 19:28:33 |   Collecting start for group: weekly | Information
08.01 19:28:33 |      Symbol 'F.US.QOZ14' collected | Information
08.01 19:28:33 |      Symbol 'F.US.QOF14' collected | Information
08.01 19:28:33 |      Symbol 'F.US.DDZ13' collected | Information
08.01 19:28:33 |      Symbol 'F.US.QOS1G14' collected | Information
08.01 19:28:33 |   Collecting finished for group: weekly | Information
08.01 19:28:38 | Application Start | Information
08.01 19:28:44 |   Collecting start for group: weekly | Information
08.01 19:28:48 |      Symbol 'F.US.QOZ14' collected | Information
08.01 19:28:49 |      Symbol 'F.US.QOF14' collected | Information
08.01 19:28:51 |      Symbol 'F.US.DDZ13' collected | Information
08.01 19:28:51 |      Symbol 'F.US.QOS1G14' collected | Information
08.01 19:28:51 |   Collecting finished for group: weekly | Information
09.01 13:44:45 | Application Start | Information
09.01 13:48:15 | Application Start | Information
09.01 13:48:54 |   Collecting start for group: weekly | Information
09.01 13:48:56 |      Symbol 'F.US.QOZ14' collected | Information
09.01 13:48:56 |      Symbol 'F.US.QOF14' collected | Information
09.01 13:48:57 |      Symbol 'F.US.QOS1G14' collected | Information
09.01 13:48:58 |      Symbol 'F.US.DDZ13' collected | Information
09.01 13:48:58 |   Collecting finished for group: weekly | Information
09.01 13:49:29 |   Collecting start for group: weekly | Information
09.01 13:49:38 |      Symbol 'F.US.QOZ14' collected | Information
09.01 13:50:52 |      Symbol 'F.US.QOF14' collected | Information
09.01 13:52:29 |      Symbol 'F.US.DDZ13' collected | Information
09.01 13:52:35 |      Symbol 'F.US.QOS1G14' collected | Information
09.01 13:52:35 |   Collecting finished for group: weekly | Information
09.01 13:53:09 |   Collecting start for group: weekly | Information
09.01 13:53:41 |      Symbol 'F.US.QOZ14' collected | Information
09.01 13:54:05 |      Symbol 'F.US.QOF14' collected | Information
09.01 13:54:05 |      Symbol 'F.US.DDZ13' collected | Information
09.01 13:54:05 |      Symbol 'F.US.QOS1G14' collected | Information
09.01 13:54:05 |   Collecting finished for group: weekly | Information
09.01 13:55:42 |   Collecting start for group: weekly | Information
09.01 13:55:42 |      Symbol 'F.US.QOZ14' collected | Information
09.01 13:55:43 |      Symbol 'F.US.QOF14' collected | Information
09.01 13:55:43 |      Symbol 'F.US.DDZ13' collected | Information
09.01 13:55:43 |      Symbol 'F.US.QOS1G14' collected | Information
09.01 13:55:43 |   Collecting finished for group: weekly | Information
09.01 13:55:56 |   Collecting start for group: weekly | Information
09.01 13:56:30 |      Symbol 'F.US.QOZ14' collected | Information
09.01 13:56:31 |      Symbol 'F.US.QOF14' collected | Information
09.01 13:56:32 |      Symbol 'F.US.DDZ13' collected | Information
09.01 13:56:33 |      Symbol 'F.US.QOS1G14' collected | Information
09.01 13:56:33 |   Collecting finished for group: weekly | Information
09.01 13:57:35 | Application Start | Information
09.01 13:57:42 |   Collecting start for group: weekly | Information
09.01 14:00:39 |      Symbol 'F.US.QOZ14' collected | Information
09.01 14:00:42 |      Symbol 'F.US.QOF14' collected | Information
09.01 14:01:22 |      Symbol 'F.US.DDZ13' collected | Information
09.01 14:01:23 |      Symbol 'F.US.QOS1G14' collected | Information
09.01 14:01:23 |   Collecting finished for group: weekly | Information
09.01 14:01:30 | Application Start | Information
09.01 14:01:35 |   Collecting start for group: weekly | Information
09.01 14:01:35 |      Symbol 'F.US.QOZ14' collected | Information
09.01 14:01:35 |      Symbol 'F.US.QOF14' collected | Information
09.01 14:01:36 |      Symbol 'F.US.DDZ13' collected | Information
09.01 14:01:36 |      Symbol 'F.US.QOS1G14' collected | Information
09.01 14:01:36 |   Collecting finished for group: weekly | Information
09.01 14:02:10 |   Collecting start for group: weekly | Information
09.01 14:02:18 |      Symbol 'F.US.QOZ14' collected | Information
09.01 14:02:21 |      Symbol 'F.US.QOF14' collected | Information
09.01 14:02:23 |      Symbol 'F.US.DDZ13' collected | Information
09.01 14:38:58 |      Symbol 'F.US.QOS1G14' collected | Information
09.01 14:38:58 |   Collecting finished for group: weekly | Information
09.01 14:42:34 |   Collecting start for group: weekly | Information
09.01 14:42:38 |      Symbol 'F.US.QOZ14' collected | Information
09.01 14:42:40 |      Symbol 'F.US.QOS1G14' collected | Information
09.01 14:42:41 |      Symbol 'F.US.DDZ13' collected | Information
09.01 14:42:42 |      Symbol 'F.US.QOF14' collected | Information
09.01 14:42:42 |   Collecting finished for group: weekly | Information
09.01 14:51:57 |   Collecting start for group: weekly | Information
09.01 14:52:00 |      Symbol 'F.US.QOZ14' collected | Information
09.01 14:52:02 |      Symbol 'F.US.QOF14' collected | Information
09.01 14:52:04 |      Symbol 'F.US.DDZ13' collected | Information
09.01 14:52:05 |      Symbol 'F.US.QOS1G14' collected | Information
09.01 14:52:05 |   Collecting finished for group: weekly | Information
09.01 14:57:43 |   Collecting start for group: Z | Information
09.01 14:57:47 |      Symbol 'F.US.QOF14' collected | Information
09.01 14:57:47 |      Symbol 'F.US.DDZ13' collected | Information
09.01 14:57:47 |   Collecting finished for group: Z | Information
09.01 14:58:31 |   Collecting start for group: Z | Information
09.01 14:58:38 |      Symbol 'F.US.QOF14' collected | Information
09.01 14:58:38 |      Symbol 'F.US.DDZ13' collected | Information
09.01 14:58:38 |   Collecting finished for group: Z | Information
09.01 15:00:19 |   Collecting start for group: Z | Information
09.01 15:11:17 |      Symbol 'F.US.QOF14' collected | Information
09.01 15:11:18 |      Symbol 'F.US.DDZ13' collected | Information
09.01 15:11:18 |   Collecting finished for group: Z | Information
09.01 15:12:30 |   Collecting start for group: Z | Information
09.01 15:12:33 |      Symbol 'F.US.QO' collected | Information
09.01 15:12:33 |   Collecting finished for group: Z | Information
09.01 15:58:15 | Application Start | Information
09.01 15:58:56 |   Collecting start for group: Z | Information
09.01 15:59:35 | Application Start | Information
09.01 15:59:41 |   Collecting start for group: Z | Information
09.01 16:03:33 | Application Start | Information
09.01 16:03:40 |   Collecting start for group: Z | Information
09.01 16:03:40 |      Symbol 'F.US.QO' collected | Information
09.01 16:03:41 |   Collecting finished for group: Z | Information
09.01 16:04:16 |   Collecting start for group: weekly | Information
09.01 16:04:56 |      Symbol 'F.US.QOZ14' collected | Information
09.01 16:04:59 |      Symbol 'F.US.QOF14' collected | Information
09.01 16:05:00 |      Symbol 'F.US.DDZ13' collected | Information
09.01 16:05:01 |      Symbol 'F.US.QOS1G14' collected | Information
09.01 16:05:02 |   Collecting finished for group: weekly | Information
09.01 16:05:39 |   Collecting start for group: weekly | Information
09.01 16:05:40 |      Symbol 'F.US.QOZ14' collected | Information
09.01 16:05:41 |      Symbol 'F.US.QOF14' collected | Information
09.01 16:05:42 |      Symbol 'F.US.DDZ13' collected | Information
09.01 16:05:43 |      Symbol 'F.US.QOS1G14' collected | Information
09.01 16:05:43 |   Collecting finished for group: weekly | Information
09.01 16:06:11 | Application Start | Information
09.01 16:06:20 |   Collecting start for group: weekly | Information
09.01 16:06:33 |      Symbol 'F.US.QOZ14' collected | Information
09.01 16:06:34 |      Symbol 'F.US.QOF14' collected | Information
09.01 16:06:35 |      Symbol 'F.US.DDZ13' collected | Information
09.01 16:06:35 |      Symbol 'F.US.QOS1G14' collected | Information
09.01 16:06:35 |   Collecting finished for group: weekly | Information
